<?xml version="1.0" encoding="UTF-8"?>
<testsuite name="com.rohit.HelloWordSpec" tests="1" skipped="0" failures="0" errors="0" timestamp="2016-03-31T11:59:18" hostname="localhost.localdomain" time="0.022">
  <properties/>
  <testcase name="it must greet user" classname="com.rohit.HelloWordSpec" time="0.022"/>
  <system-out><![CDATA[]]></system-out>
  <system-err><![CDATA[Mar 31, 2016 5:29:18 PM org.codehaus.groovy.runtime.callsite.PojoMetaMethodSite$PojoCachedMethodSiteNoUnwrap invoke
INFO: Configuring com.athaydes.spockframework.report.SpockReportExtension
Mar 31, 2016 5:29:18 PM org.codehaus.groovy.runtime.callsite.PojoMetaMethodSite$PojoCachedMethodSiteNoUnwrap invoke
INFO: SpockReports config loaded: [com.athaydes.spockframework.report.template.TemplateReportCreator.reportFileExtension:md, com.athaydes.spockframework.report.template.TemplateReportCreator.specTemplateFile:/templateReportCreator/spec-template.md, com.athaydes.spockframework.report.IReportCreator:com.athaydes.spockframework.report.internal.HtmlReportCreator, com.athaydes.spockframework.report.template.TemplateReportCreator.summaryTemplateFile:/templateReportCreator/summary-template.md, com.athaydes.spockframework.report.internal.HtmlReportCreator.summaryReportCss:spock-summary-report.css, com.athaydes.spockframework.report.template.TemplateReportCreator.summaryFileName:summary.md, com.athaydes.spockframework.report.internal.HtmlReportCreator.featureReportCss:spock-feature-report.css, com.athaydes.spockframework.report.hideEmptyBlocks:false, com.athaydes.spockframework.report.outputDir:build/spock-reports]
Mar 31, 2016 5:29:18 PM org.codehaus.groovy.runtime.callsite.PojoMetaMethodSite$PojoCachedMethodSiteNoUnwrap invoke
INFO: Loading settings for reportCreator of type com.athaydes.spockframework.report.internal.HtmlReportCreator
]]></system-err>
</testsuite>
